<?xml version="1.0" encoding="UTF-8"?>
<testsuite name="com.trident.load_balancer.MessageLogTest" tests="2" skipped="0" failures="0" errors="0" timestamp="2020-09-12T07:15:19" hostname="DESKTOP-O1547LC" time="4.406">
  <properties/>
  <testcase name="compactionTest()" classname="com.trident.load_balancer.MessageLogTest" time="4.396"/>
  <testcase name="test()" classname="com.trident.load_balancer.MessageLogTest" time="0.009"/>
  <system-out><![CDATA[00:15:20.644 [Test worker] TRACE com.trident.load_balancer.MessageLog$Segment - Creating file segment-1.dat
00:15:21.019 [Test worker] TRACE com.trident.load_balancer.MessageLog$Segment - Record with key asdare2226 too large for segment test_logs\segment-1.dat!
00:15:21.020 [Test worker] TRACE com.trident.load_balancer.MessageLog$Segment - Creating file segment-2.dat
00:15:21.263 [Test worker] TRACE com.trident.load_balancer.MessageLog$Segment - Record with key asdare3452 too large for segment test_logs\segment-2.dat!
00:15:21.264 [Test worker] TRACE com.trident.load_balancer.MessageLog$Segment - Creating file segment-3.dat
00:15:21.552 [Test worker] TRACE com.trident.load_balancer.MessageLog$Segment - Record with key asdare4678 too large for segment test_logs\segment-3.dat!
00:15:21.553 [Test worker] TRACE com.trident.load_balancer.MessageLog$Segment - Creating file segment-4.dat
00:15:21.820 [Test worker] TRACE com.trident.load_balancer.MessageLog$Segment - Record with key asdare3404 too large for segment test_logs\segment-4.dat!
00:15:21.820 [Test worker] TRACE com.trident.load_balancer.MessageLog$Segment - Creating file segment-5.dat
00:15:22.071 [Test worker] TRACE com.trident.load_balancer.MessageLog$Segment - Record with key asdare4630 too large for segment test_logs\segment-5.dat!
00:15:22.072 [Test worker] TRACE com.trident.load_balancer.MessageLog$Segment - Creating file segment-6.dat
00:15:22.825 [pool-2-thread-1] INFO  com.trident.load_balancer.MessageLog - Performing compaction!
00:15:22.826 [pool-2-thread-1] TRACE com.trident.load_balancer.MessageLog$Segment - Creating file segment-7.dat
00:15:23.075 [pool-2-thread-1] TRACE com.trident.load_balancer.MessageLog$Segment - Record with key asdare1201 too large for segment test_logs\segment-7.dat!
00:15:23.076 [pool-2-thread-1] TRACE com.trident.load_balancer.MessageLog$Segment - Creating file segment-8.dat
00:15:23.309 [pool-2-thread-1] TRACE com.trident.load_balancer.MessageLog$Segment - Record with key asdare4548 too large for segment test_logs\segment-8.dat!
00:15:23.310 [pool-2-thread-1] TRACE com.trident.load_balancer.MessageLog$Segment - Creating file segment-9.dat
00:15:23.515 [pool-2-thread-1] TRACE com.trident.load_balancer.MessageLog$Segment - Record with key asdare1766 too large for segment test_logs\segment-9.dat!
00:15:23.516 [pool-2-thread-1] TRACE com.trident.load_balancer.MessageLog$Segment - Creating file segment-10.dat
00:15:24.180 [Test worker] TRACE com.trident.load_balancer.MessageLog$Segment - Creating file segment-1.dat
]]></system-out>
  <system-err><![CDATA[]]></system-err>
</testsuite>
