<?xml version="1.0" encoding="UTF-8"?>
<testsuite name="com.trident.load_balancer.MessageLogTest" tests="2" skipped="0" failures="0" errors="0" timestamp="2020-09-10T10:44:47" hostname="DESKTOP-O1547LC" time="13.56">
  <properties/>
  <testcase name="compactionTest()" classname="com.trident.load_balancer.MessageLogTest" time="13.527"/>
  <testcase name="test()" classname="com.trident.load_balancer.MessageLogTest" time="0.032"/>
  <system-out><![CDATA[03:44:48.271 [Test worker] TRACE com.trident.load_balancer.MessageLog$Segment - Creating file segment-1.dat
03:44:48.571 [Test worker] TRACE com.trident.load_balancer.MessageLog$Segment - Record with key asdare1197 too large for segment test_logs\segment-1.dat!
03:44:48.572 [Test worker] TRACE com.trident.load_balancer.MessageLog$Segment - Creating file segment-2.dat
03:44:48.797 [Test worker] TRACE com.trident.load_balancer.MessageLog$Segment - Record with key asdare2387 too large for segment test_logs\segment-2.dat!
03:44:48.798 [Test worker] TRACE com.trident.load_balancer.MessageLog$Segment - Creating file segment-3.dat
03:44:49.046 [Test worker] TRACE com.trident.load_balancer.MessageLog$Segment - Record with key asdare1066 too large for segment test_logs\segment-3.dat!
03:44:49.046 [Test worker] TRACE com.trident.load_balancer.MessageLog$Segment - Creating file segment-4.dat
03:44:49.272 [Test worker] TRACE com.trident.load_balancer.MessageLog$Segment - Record with key asdare2208 too large for segment test_logs\segment-4.dat!
03:44:49.272 [Test worker] TRACE com.trident.load_balancer.MessageLog$Segment - Creating file segment-5.dat
03:44:58.427 [pool-2-thread-1] INFO  com.trident.load_balancer.MessageLog - Performing compaction!
03:44:58.428 [pool-2-thread-1] TRACE com.trident.load_balancer.MessageLog$Segment - Creating file segment-6.dat
03:44:58.670 [pool-2-thread-1] TRACE com.trident.load_balancer.MessageLog$Segment - Record with key asdare2047 too large for segment test_logs\segment-6.dat!
03:44:58.671 [pool-2-thread-1] TRACE com.trident.load_balancer.MessageLog$Segment - Creating file segment-7.dat
03:44:58.873 [pool-2-thread-1] TRACE com.trident.load_balancer.MessageLog$Segment - Record with key asdare655 too large for segment test_logs\segment-7.dat!
03:44:58.874 [pool-2-thread-1] TRACE com.trident.load_balancer.MessageLog$Segment - Creating file segment-8.dat
03:45:01.360 [Test worker] TRACE com.trident.load_balancer.MessageLog$Segment - Creating file segment-1.dat
03:45:01.362 [Test worker] INFO  com.trident.load_balancer.MessageLog$Segment - Segment with path test_logs\segment-1.dat is not writable
03:45:01.363 [Test worker] TRACE com.trident.load_balancer.MessageLog$Segment - Creating file segment-2.dat
03:45:01.364 [Test worker] TRACE com.trident.load_balancer.MessageLog$Segment - Record with key asdare3 too large for segment test_logs\segment-2.dat!
03:45:01.365 [Test worker] TRACE com.trident.load_balancer.MessageLog$Segment - Creating file segment-3.dat
]]></system-out>
  <system-err><![CDATA[]]></system-err>
</testsuite>
